2025-04-12 02:54:42,510 - MedexScraperScript - INFO - Starting Medex scraper with parameters: Namespace(max_pages=3, max_generics=10, output='medex_generics_data', agent=False, specific_urls=None)
2025-04-12 02:54:42,510 - MedexScraperScript - INFO - Using direct function for scraping
2025-04-12 02:54:42,510 - MedexScraper - INFO - Getting pagination URLs from https://medex.com.bd/generics
2025-04-12 02:54:42,510 - MedexScraper - INFO - Waiting 1.74s before fetching https://medex.com.bd/generics
2025-04-12 02:54:44,257 - MedexScraper - INFO - Fetching URL: https://medex.com.bd/generics
2025-04-12 02:54:44,657 - MedexScraper - INFO - Successfully fetched URL: https://medex.com.bd/generics (41944 bytes)
2025-04-12 02:54:44,673 - MedexScraper - INFO - Found 3 pagination URLs
2025-04-12 02:54:44,673 - MedexScraper - INFO - Extracting generic links from all pagination pages
2025-04-12 02:54:44,673 - MedexScraper - INFO - Waiting 1.70s before fetching https://medex.com.bd/generics
2025-04-12 02:54:46,373 - MedexScraper - INFO - Fetching URL: https://medex.com.bd/generics
2025-04-12 02:54:46,661 - MedexScraper - INFO - Successfully fetched URL: https://medex.com.bd/generics (41944 bytes)
2025-04-12 02:54:46,728 - MedexScraper - INFO - Found 0 generic links on https://medex.com.bd/generics
2025-04-12 02:54:46,729 - MedexScraper - INFO - Waiting 2.54s before fetching http://medex.com.bd/generics?page=2
2025-04-12 02:54:49,268 - MedexScraper - INFO - Fetching URL: http://medex.com.bd/generics?page=2
2025-04-12 02:54:49,653 - MedexScraper - INFO - Successfully fetched URL: http://medex.com.bd/generics?page=2 (41779 bytes)
2025-04-12 02:54:49,669 - MedexScraper - INFO - Found 0 generic links on http://medex.com.bd/generics?page=2
2025-04-12 02:54:49,669 - MedexScraper - INFO - Waiting 2.62s before fetching http://medex.com.bd/generics?page=3
2025-04-12 02:54:52,300 - MedexScraper - INFO - Fetching URL: http://medex.com.bd/generics?page=3
2025-04-12 02:54:52,684 - MedexScraper - INFO - Successfully fetched URL: http://medex.com.bd/generics?page=3 (41891 bytes)
2025-04-12 02:54:52,700 - MedexScraper - INFO - Found 0 generic links on http://medex.com.bd/generics?page=3
2025-04-12 02:54:52,700 - MedexScraper - INFO - Will scrape 0 out of 0 generic medications
2025-04-12 02:54:52,739 - MedexScraper - INFO - Saving complete dataset with 0 medications
2025-04-12 02:54:52,739 - MedexScraper - INFO - Data saved to medex_generics_data.json
2025-04-12 02:54:52,739 - MedexScraperScript - INFO - Scraping complete: Successfully scraped 0 medications. Data saved to medex_generics_data.json
2025-04-12 09:14:09,984 - MedexScraperScript - INFO - Starting Medex scraper with parameters: Namespace(max_pages=3, max_generics=10, output='medex_generics_data', agent=False, specific_urls=['https://medex.com.bd/generics/779/10-vitamin-6-mineral-pregnancy-and-breast-feeding-formula', 'https://medex.com.bd/generics/7/acyclovir-injection'])
2025-04-12 09:14:09,984 - MedexScraperScript - INFO - Scraping 2 specific URLs
2025-04-12 09:14:09,984 - MedexScraperScript - ERROR - Unhandled exception in main: No module named 'optimized_medical_scraper'
Traceback (most recent call last):
  File "C:\Users\Dipesh Shome\Desktop\medical_scraper_project\scraper.py", line 108, in <module>
    main()
  File "C:\Users\Dipesh Shome\Desktop\medical_scraper_project\scraper.py", line 45, in main
    from optimized_medical_scraper import extract_medex_data_from_url, save_data
ModuleNotFoundError: No module named 'optimized_medical_scraper'
2025-04-12 09:15:38,771 - MedexScraperScript - INFO - Starting Medex scraper with parameters: Namespace(max_pages=3, max_generics=10, output='medex_generics_data', agent=False, specific_urls=['https://medex.com.bd/generics/779/10-vitamin-6-mineral-pregnancy-and-breast-feeding-formula', 'https://medex.com.bd/generics/7/acyclovir-injection'])
2025-04-12 09:15:38,771 - MedexScraperScript - INFO - Scraping 2 specific URLs
2025-04-12 09:15:38,771 - MedexScraperScript - INFO - Scraping specific URL: https://medex.com.bd/generics/779/10-vitamin-6-mineral-pregnancy-and-breast-feeding-formula
2025-04-12 09:15:38,771 - MedexScraper - INFO - Extracting Medex data from https://medex.com.bd/generics/779/10-vitamin-6-mineral-pregnancy-and-breast-feeding-formula
2025-04-12 09:15:38,771 - MedexScraper - INFO - Waiting 1.53s before fetching https://medex.com.bd/generics/779/10-vitamin-6-mineral-pregnancy-and-breast-feeding-formula
2025-04-12 09:15:40,301 - MedexScraper - INFO - Fetching URL: https://medex.com.bd/generics/779/10-vitamin-6-mineral-pregnancy-and-breast-feeding-formula
2025-04-12 09:15:40,728 - MedexScraper - INFO - Successfully fetched URL: https://medex.com.bd/generics/779/10-vitamin-6-mineral-pregnancy-and-breast-feeding-formula (136351 bytes)
2025-04-12 09:15:40,759 - MedexScraper - INFO - Data saved to medex_generics_data_unknown.json
2025-04-12 09:15:40,763 - MedexScraperScript - INFO - Scraping specific URL: https://medex.com.bd/generics/7/acyclovir-injection
2025-04-12 09:15:40,763 - MedexScraper - INFO - Extracting Medex data from https://medex.com.bd/generics/7/acyclovir-injection
2025-04-12 09:15:40,764 - MedexScraper - INFO - Waiting 1.72s before fetching https://medex.com.bd/generics/7/acyclovir-injection
2025-04-12 09:15:42,482 - MedexScraper - INFO - Fetching URL: https://medex.com.bd/generics/7/acyclovir-injection
2025-04-12 09:15:42,900 - MedexScraper - INFO - Successfully fetched URL: https://medex.com.bd/generics/7/acyclovir-injection (235753 bytes)
2025-04-12 09:15:43,012 - MedexScraper - INFO - Data saved to medex_generics_data_unknown.json
2025-04-12 09:15:43,012 - MedexScraper - INFO - Data saved to medex_generics_data.json
2025-04-12 09:15:43,012 - MedexScraperScript - INFO - Scraping complete. Saved 2 medications to medex_generics_data.json
